
[1msimple_test.js[22m
[31mâœ– simple[39m

Assertion Message: [35mXquery assertion failed: C:\Users\alxarch\projects\nodeunit-basex\test\fixtures\simple_test.xqm > fail
[UNIT0001] Fails[39m
AssertionError: Xquery assertion failed: C:\Users\alxarch\projects\nodeunit-basex\test\fixtures\simple_test.xqm > fail
[UNIT0001] Fails
    at Object.equal (c:\Users\alxarch\projects\nodeunit-basex\node_modules\nodeunit\lib\types.js:83:39)
    at c:\Users\alxarch\projects\nodeunit-basex\lib\nodeunit-basex.js:52:18
    at Array.forEach (native)
    at c:\Users\alxarch\projects\nodeunit-basex\lib\nodeunit-basex.js:38:23
    at Array.forEach (native)
    at c:\Users\alxarch\projects\nodeunit-basex\lib\nodeunit-basex.js:37:16
    at ChildProcess.<anonymous> (c:\Users\alxarch\projects\nodeunit-basex\node_modules\basex-standalone\lib\basex.js:116:15)
    at ChildProcess.EventEmitter.emit (events.js:98:17)
    at maybeClose (child_process.js:735:16)
    at Process.ChildProcess._handle.onexit (child_process.js:802:5)


[1m[31mFAILURES: [39m[22m1/6 assertions failed (434ms)
